<?xml version="1.0" encoding="utf-8"?><testsuites name="pytest tests"><testsuite name="pytest" errors="0" failures="0" skipped="0" tests="25" time="3.578" timestamp="2026-04-02T02:58:11.739869+00:00" hostname="agent-env-519ffe04-2626-43e5-a430-2c3094864294"><testcase classname="backend.tests.test_audit_log_feature.TestAuditEventTypes" name="test_event_types_returns_200" time="0.263" /><testcase classname="backend.tests.test_audit_log_feature.TestAuditEventTypes" name="test_event_types_has_event_types_key" time="0.112" /><testcase classname="backend.tests.test_audit_log_feature.TestAuditEventTypes" name="test_event_types_returns_26_types" time="0.151" /><testcase classname="backend.tests.test_audit_log_feature.TestAuditEventTypes" name="test_event_types_are_strings" time="0.203" /><testcase classname="backend.tests.test_audit_log_feature.TestAuditEventTypes" name="test_event_types_includes_key_types" time="0.101" /><testcase classname="backend.tests.test_audit_log_feature.TestAuditLogsBasic" name="test_audit_logs_returns_200" time="0.107" /><testcase classname="backend.tests.test_audit_log_feature.TestAuditLogsBasic" name="test_audit_logs_has_logs_and_count_keys" time="0.144" /><testcase classname="backend.tests.test_audit_log_feature.TestAuditLogsBasic" name="test_audit_logs_count_matches_logs_length" time="0.106" /><testcase classname="backend.tests.test_audit_log_feature.TestAuditLogsBasic" name="test_audit_logs_each_row_has_required_fields" time="0.132" /><testcase classname="backend.tests.test_audit_log_feature.TestAuditLogsBasic" name="test_audit_logs_no_mongodb_id_in_response" time="0.100" /><testcase classname="backend.tests.test_audit_log_feature.TestAuditLogsBasic" name="test_audit_logs_success_field_is_boolean" time="0.124" /><testcase classname="backend.tests.test_audit_log_feature.TestAuditLogsBasic" name="test_audit_logs_timestamp_field_is_string" time="0.099" /><testcase classname="backend.tests.test_audit_log_feature.TestAuditLogsFilters" name="test_filter_success_false" time="0.144" /><testcase classname="backend.tests.test_audit_log_feature.TestAuditLogsFilters" name="test_filter_success_true" time="0.109" /><testcase classname="backend.tests.test_audit_log_feature.TestAuditLogsFilters" name="test_filter_single_event_type" time="0.114" /><testcase classname="backend.tests.test_audit_log_feature.TestAuditLogsFilters" name="test_filter_multiple_event_types_with_in_query" time="0.107" /><testcase classname="backend.tests.test_audit_log_feature.TestAuditLogsFilters" name="test_filter_symbol" time="0.104" /><testcase classname="backend.tests.test_audit_log_feature.TestAuditLogsFilters" name="test_filter_broker_id" time="0.104" /><testcase classname="backend.tests.test_audit_log_feature.TestAuditLogsFilters" name="test_filter_combination_success_and_event_type" time="0.158" /><testcase classname="backend.tests.test_audit_log_feature.TestAuditLogsPagination" name="test_limit_reduces_result_count" time="0.107" /><testcase classname="backend.tests.test_audit_log_feature.TestAuditLogsPagination" name="test_skip_offsets_results" time="0.159" /><testcase classname="backend.tests.test_audit_log_feature.TestAuditLogsPagination" name="test_limit_1_returns_exactly_1" time="0.121" /><testcase classname="backend.tests.test_audit_log_feature.TestAuditLogsPagination" name="test_pagination_count_field" time="0.144" /><testcase classname="backend.tests.test_audit_log_feature.TestAuditLogsDataIntegrity" name="test_setting_change_creates_audit_log" time="0.353" /><testcase classname="backend.tests.test_audit_log_feature.TestAuditLogsDataIntegrity" name="test_audit_logs_sorted_newest_first" time="0.115" /></testsuite></testsuites>