<?xml version="1.0" encoding="utf-8"?><testsuites name="pytest tests"><testsuite name="pytest" errors="0" failures="0" skipped="0" tests="19" time="3.396" timestamp="2026-03-18T01:00:59.200569+00:00" hostname="agent-env-2ff554ad-9545-44bf-8e2d-91ae141bf2d7"><testcase classname="backend.tests.test_feedback_broker_test.TestFeedbackEndpoint" name="test_feedback_requires_subject" time="0.196" /><testcase classname="backend.tests.test_feedback_broker_test.TestFeedbackEndpoint" name="test_feedback_requires_description" time="0.149" /><testcase classname="backend.tests.test_feedback_broker_test.TestFeedbackEndpoint" name="test_feedback_invalid_type" time="0.160" /><testcase classname="backend.tests.test_feedback_broker_test.TestFeedbackEndpoint" name="test_feedback_bug_report_valid" time="0.485" /><testcase classname="backend.tests.test_feedback_broker_test.TestFeedbackEndpoint" name="test_feedback_error_report_valid" time="0.159" /><testcase classname="backend.tests.test_feedback_broker_test.TestFeedbackEndpoint" name="test_feedback_suggestion_valid" time="0.153" /><testcase classname="backend.tests.test_feedback_broker_test.TestFeedbackEndpoint" name="test_feedback_complaint_valid" time="0.136" /><testcase classname="backend.tests.test_feedback_broker_test.TestBrokerTestConnection" name="test_broker_test_ibkr_missing_credentials" time="0.138" /><testcase classname="backend.tests.test_feedback_broker_test.TestBrokerTestConnection" name="test_broker_test_ibkr_invalid_port_format" time="0.127" /><testcase classname="backend.tests.test_feedback_broker_test.TestBrokerTestConnection" name="test_broker_test_ibkr_valid_credentials_partial_pass" time="0.163" /><testcase classname="backend.tests.test_feedback_broker_test.TestBrokerTestConnection" name="test_broker_test_robinhood_missing_credentials" time="0.142" /><testcase classname="backend.tests.test_feedback_broker_test.TestBrokerTestConnection" name="test_broker_test_robinhood_invalid_mfa" time="0.217" /><testcase classname="backend.tests.test_feedback_broker_test.TestBrokerTestConnection" name="test_broker_test_robinhood_valid_partial" time="0.167" /><testcase classname="backend.tests.test_feedback_broker_test.TestBrokerTestConnection" name="test_broker_test_schwab_short_app_key" time="0.151" /><testcase classname="backend.tests.test_feedback_broker_test.TestBrokerTestConnection" name="test_broker_test_schwab_valid_partial" time="0.147" /><testcase classname="backend.tests.test_feedback_broker_test.TestBrokerTestConnection" name="test_broker_test_webull_invalid_pin" time="0.172" /><testcase classname="backend.tests.test_feedback_broker_test.TestBrokerTestConnection" name="test_broker_test_nonexistent_broker" time="0.149" /><testcase classname="backend.tests.test_feedback_broker_test.TestBrokerEndpointList" name="test_brokers_list_has_6_brokers" time="0.158" /><testcase classname="backend.tests.test_feedback_broker_test.TestBrokerEndpointList" name="test_each_broker_has_auth_fields" time="0.139" /></testsuite></testsuites>