<?xml version="1.0" encoding="utf-8"?><testsuites name="pytest tests"><testsuite name="pytest" errors="0" failures="0" skipped="0" tests="12" time="3.540" timestamp="2026-03-17T17:30:48.490124+00:00" hostname="agent-env-84a55be1-cc6f-45bb-9b91-c645ad1391d5"><testcase classname="backend.tests.test_rebracket_params.TestRebracketParamsAPI" name="test_put_accepts_rebracket_cooldown" time="0.496" /><testcase classname="backend.tests.test_rebracket_params.TestRebracketParamsAPI" name="test_put_accepts_rebracket_lookback" time="0.446" /><testcase classname="backend.tests.test_rebracket_params.TestRebracketParamsAPI" name="test_put_accepts_rebracket_buffer" time="0.430" /><testcase classname="backend.tests.test_rebracket_params.TestRebracketParamsAPI" name="test_put_accepts_all_three_params_together" time="0.461" /><testcase classname="backend.tests.test_rebracket_params.TestRebracketParamsAPI" name="test_get_returns_rebracket_params" time="0.590" /><testcase classname="backend.tests.test_rebracket_params.TestRebracketParamsExistingTickers" name="test_spy_has_custom_rebracket_values" time="0.144" /><testcase classname="backend.tests.test_rebracket_params.TestRebracketParamsExistingTickers" name="test_tsla_rebracket_params_after_update" time="0.154" /><testcase classname="backend.tests.test_rebracket_params.TestRebracketParamsDefaultBehavior" name="test_backend_defaults_apply_for_unset_values" time="0.138" /><testcase classname="backend.tests.test_rebracket_params.TestHealthAndTradesEndpoints" name="test_health_endpoint" time="0.146" /><testcase classname="backend.tests.test_rebracket_params.TestHealthAndTradesEndpoints" name="test_trades_endpoint" time="0.170" /><testcase classname="backend.tests.test_rebracket_params.TestHealthAndTradesEndpoints" name="test_portfolio_endpoint" time="0.152" /><testcase classname="backend.tests.test_rebracket_params.TestLossLogsStillWorking" name="test_loss_logs_list_endpoint" time="0.157" /></testsuite></testsuites>