<?xml version="1.0" encoding="utf-8"?><testsuites name="pytest tests"><testsuite name="pytest" errors="0" failures="0" skipped="0" tests="11" time="2.260" timestamp="2026-03-18T01:24:02.342908+00:00" hostname="agent-env-2ff554ad-9545-44bf-8e2d-91ae141bf2d7"><testcase classname="backend.tests.test_traces_api.TestTracesAPI" name="test_get_traces_returns_valid_response" time="0.172" /><testcase classname="backend.tests.test_traces_api.TestTracesAPI" name="test_span_object_structure" time="0.134" /><testcase classname="backend.tests.test_traces_api.TestTracesAPI" name="test_traces_filter_by_name_trade" time="0.143" /><testcase classname="backend.tests.test_traces_api.TestTracesAPI" name="test_traces_filter_by_name_ticker" time="0.153" /><testcase classname="backend.tests.test_traces_api.TestTracesAPI" name="test_traces_limit_parameter" time="0.135" /><testcase classname="backend.tests.test_traces_api.TestTracesAPI" name="test_traces_limit_and_filter_combined" time="0.151" /><testcase classname="backend.tests.test_traces_api.TestTracesAPI" name="test_span_kinds_present" time="0.721" /><testcase classname="backend.tests.test_traces_api.TestTracesAPI" name="test_span_status_values" time="0.154" /><testcase classname="backend.tests.test_traces_api.TestTracesAPI" name="test_trade_execute_span_attributes" time="0.143" /><testcase classname="backend.tests.test_traces_api.TestTracesAPI" name="test_ticker_evaluate_span_attributes" time="0.148" /><testcase classname="backend.tests.test_traces_api.TestTracesAPI" name="test_http_request_spans_auto_instrumented" time="0.143" /></testsuite></testsuites>