<?xml version="1.0" encoding="utf-8"?><testsuites name="pytest tests"><testsuite name="pytest" errors="0" failures="0" skipped="0" tests="27" time="1.358" timestamp="2026-04-01T22:29:51.547994+00:00" hostname="agent-env-519ffe04-2626-43e5-a430-2c3094864294"><testcase classname="backend.tests.test_resilience_feature.TestHealth" name="test_health_returns_200" time="0.134" /><testcase classname="backend.tests.test_resilience_feature.TestHealth" name="test_health_response_structure" time="0.045" /><testcase classname="backend.tests.test_resilience_feature.TestGetAllRateLimits" name="test_returns_200" time="0.047" /><testcase classname="backend.tests.test_resilience_feature.TestGetAllRateLimits" name="test_response_has_brokers_list" time="0.051" /><testcase classname="backend.tests.test_resilience_feature.TestGetAllRateLimits" name="test_broker_status_structure" time="0.108" /><testcase classname="backend.tests.test_resilience_feature.TestGetBrokerRateLimit" name="test_returns_200" time="0.047" /><testcase classname="backend.tests.test_resilience_feature.TestGetBrokerRateLimit" name="test_response_contains_required_fields" time="0.053" /><testcase classname="backend.tests.test_resilience_feature.TestGetBrokerRateLimit" name="test_circuit_state_is_valid_value" time="0.045" /><testcase classname="backend.tests.test_resilience_feature.TestGetBrokerRateLimit" name="test_config_has_resilience_fields" time="0.051" /><testcase classname="backend.tests.test_resilience_feature.TestSetBrokerRateLimit" name="test_returns_200" time="0.050" /><testcase classname="backend.tests.test_resilience_feature.TestSetBrokerRateLimit" name="test_response_ok_flag" time="0.060" /><testcase classname="backend.tests.test_resilience_feature.TestSetBrokerRateLimit" name="test_config_values_saved" time="0.047" /><testcase classname="backend.tests.test_resilience_feature.TestSetBrokerRateLimit" name="test_get_reflects_saved_config" time="0.095" /><testcase classname="backend.tests.test_resilience_feature.TestSetBrokerRateLimit" name="test_invalid_max_rps_rejected" time="0.053" /><testcase classname="backend.tests.test_resilience_feature.TestCircuitReset" name="test_returns_200" time="0.050" /><testcase classname="backend.tests.test_resilience_feature.TestCircuitReset" name="test_response_structure" time="0.047" /><testcase classname="backend.tests.test_resilience_feature.TestCircuitReset" name="test_circuit_is_closed_after_reset" time="0.093" /><testcase classname="backend.tests.test_resilience_feature.TestAuditLogs" name="test_returns_200" time="0.050" /><testcase classname="backend.tests.test_resilience_feature.TestAuditLogs" name="test_response_structure" time="0.047" /><testcase classname="backend.tests.test_resilience_feature.TestAuditLogs" name="test_limit_param_respected" time="0.045" /><testcase classname="backend.tests.test_resilience_feature.TestAuditLogs" name="test_filter_by_broker_id" time="0.046" /><testcase classname="backend.tests.test_resilience_feature.TestStaticCodeChecks" name="test_rate_limiter_file_deleted" time="0.000" /><testcase classname="backend.tests.test_resilience_feature.TestStaticCodeChecks" name="test_no_rate_limiter_imports_in_codebase" time="0.006" /><testcase classname="backend.tests.test_resilience_feature.TestStaticCodeChecks" name="test_broker_manager_imports_from_resilience" time="0.000" /><testcase classname="backend.tests.test_resilience_feature.TestStaticCodeChecks" name="test_trading_engine_imports_circuit_open_error" time="0.000" /><testcase classname="backend.tests.test_resilience_feature.TestStaticCodeChecks" name="test_server_imports_circuit_open_error" time="0.000" /><testcase classname="backend.tests.test_resilience_feature.TestStaticCodeChecks" name="test_system_routes_use_broker_resilience" time="0.001" /></testsuite></testsuites>