<?xml version="1.0" encoding="utf-8"?><testsuites name="pytest tests"><testsuite name="pytest" errors="0" failures="0" skipped="0" tests="17" time="3.326" timestamp="2026-03-18T22:35:13.412683+00:00" hostname="agent-env-1f29b7ca-19e1-4aab-88e5-b5963482ec34"><testcase classname="backend.tests.test_refactor_regression.TestHealthEndpoint" name="test_health_returns_expected_fields" time="0.102" /><testcase classname="backend.tests.test_refactor_regression.TestSettingsEndpoint" name="test_get_settings_returns_expected_fields" time="0.119" /><testcase classname="backend.tests.test_refactor_regression.TestSettingsEndpoint" name="test_post_settings_toggle_simulate_24_7" time="0.555" /><testcase classname="backend.tests.test_refactor_regression.TestTickersEndpoint" name="test_get_tickers_returns_list" time="0.113" /><testcase classname="backend.tests.test_refactor_regression.TestTickersEndpoint" name="test_ticker_crud_operations" time="0.781" /><testcase classname="backend.tests.test_refactor_regression.TestBrokersEndpoint" name="test_get_brokers_returns_10_brokers" time="0.166" /><testcase classname="backend.tests.test_refactor_regression.TestBrokersEndpoint" name="test_get_brokers_status" time="0.104" /><testcase classname="backend.tests.test_refactor_regression.TestBrokersEndpoint" name="test_post_brokers_reconnect" time="0.114" /><testcase classname="backend.tests.test_refactor_regression.TestBrokersEndpoint" name="test_get_single_broker" time="0.134" /><testcase classname="backend.tests.test_refactor_regression.TestTradesEndpoint" name="test_get_trades_with_limit" time="0.131" /><testcase classname="backend.tests.test_refactor_regression.TestPortfolioEndpoint" name="test_get_portfolio" time="0.157" /><testcase classname="backend.tests.test_refactor_regression.TestPositionsEndpoint" name="test_get_positions" time="0.112" /><testcase classname="backend.tests.test_refactor_regression.TestStrategiesEndpoint" name="test_get_strategies_returns_3_presets" time="0.106" /><testcase classname="backend.tests.test_refactor_regression.TestMetricsEndpoint" name="test_get_metrics_returns_prometheus_format" time="0.109" /><testcase classname="backend.tests.test_refactor_regression.TestTracesEndpoint" name="test_get_traces_returns_spans" time="0.126" /><testcase classname="backend.tests.test_refactor_regression.TestBotEndpoint" name="test_bot_start" time="0.103" /><testcase classname="backend.tests.test_refactor_regression.TestBotEndpoint" name="test_bot_stop" time="0.210" /></testsuite></testsuites>