<?xml version="1.0" encoding="utf-8"?><testsuites name="pytest tests"><testsuite name="pytest" errors="0" failures="0" skipped="0" tests="22" time="4.457" timestamp="2026-03-18T02:32:42.578588+00:00" hostname="agent-env-2ff554ad-9545-44bf-8e2d-91ae141bf2d7"><testcase classname="backend.tests.test_brokers_api.TestBrokersListEndpoint" name="test_list_brokers_returns_200" time="0.237" /><testcase classname="backend.tests.test_brokers_api.TestBrokersListEndpoint" name="test_list_brokers_returns_10_brokers" time="0.169" /><testcase classname="backend.tests.test_brokers_api.TestBrokersListEndpoint" name="test_brokers_have_required_fields" time="0.134" /><testcase classname="backend.tests.test_brokers_api.TestBrokersListEndpoint" name="test_nine_brokers_are_supported" time="0.168" /><testcase classname="backend.tests.test_brokers_api.TestBrokersListEndpoint" name="test_fidelity_is_not_supported" time="0.161" /><testcase classname="backend.tests.test_brokers_api.TestBrokerDetailEndpoint" name="test_get_alpaca_details" time="0.172" /><testcase classname="backend.tests.test_brokers_api.TestBrokerDetailEndpoint" name="test_get_tradier_details" time="0.176" /><testcase classname="backend.tests.test_brokers_api.TestBrokerDetailEndpoint" name="test_get_ibkr_details" time="0.138" /><testcase classname="backend.tests.test_brokers_api.TestBrokerDetailEndpoint" name="test_get_fidelity_details" time="0.151" /><testcase classname="backend.tests.test_brokers_api.TestBrokerDetailEndpoint" name="test_nonexistent_broker_returns_404" time="0.118" /><testcase classname="backend.tests.test_brokers_api.TestBrokerDetailEndpoint" name="test_all_broker_colors" time="1.198" /><testcase classname="backend.tests.test_brokers_api.TestBrokerTestEndpoint" name="test_alpaca_valid_format_passes_format_validation" time="0.238" /><testcase classname="backend.tests.test_brokers_api.TestBrokerTestEndpoint" name="test_alpaca_short_api_key_fails_format_validation" time="0.113" /><testcase classname="backend.tests.test_brokers_api.TestBrokerTestEndpoint" name="test_robinhood_missing_username_fails_required_fields" time="0.119" /><testcase classname="backend.tests.test_brokers_api.TestBrokerTestEndpoint" name="test_ibkr_valid_format_passes_checks" time="0.124" /><testcase classname="backend.tests.test_brokers_api.TestBrokerTestEndpoint" name="test_tradier_short_access_token_fails_format" time="0.118" /><testcase classname="backend.tests.test_brokers_api.TestBrokerTestEndpoint" name="test_fidelity_with_valid_creds_fails_at_live_connection" time="0.111" /><testcase classname="backend.tests.test_brokers_api.TestBrokerTestEndpoint" name="test_alpaca_fake_creds_fail_at_live_connection" time="0.227" /><testcase classname="backend.tests.test_brokers_api.TestBrokerRiskWarnings" name="test_robinhood_has_high_risk" time="0.108" /><testcase classname="backend.tests.test_brokers_api.TestBrokerRiskWarnings" name="test_alpaca_has_low_risk" time="0.131" /><testcase classname="backend.tests.test_brokers_api.TestBrokerRiskWarnings" name="test_webull_has_high_risk" time="0.117" /><testcase classname="backend.tests.test_brokers_api.TestBrokerRiskWarnings" name="test_td_ameritrade_has_medium_risk" time="0.142" /></testsuite></testsuites>