<?xml version="1.0" encoding="utf-8"?><testsuites name="pytest tests"><testsuite name="pytest" errors="0" failures="0" skipped="0" tests="22" time="3.630" timestamp="2026-03-18T00:24:05.765177+00:00" hostname="agent-env-2ff554ad-9545-44bf-8e2d-91ae141bf2d7"><testcase classname="backend.tests.test_beta_brokers_metrics.TestBetaRegistration" name="test_beta_status_initially_not_registered" time="0.209" /><testcase classname="backend.tests.test_beta_brokers_metrics.TestBetaRegistration" name="test_beta_register_missing_fields" time="0.132" /><testcase classname="backend.tests.test_beta_brokers_metrics.TestBetaRegistration" name="test_beta_register_invalid_ssn" time="0.166" /><testcase classname="backend.tests.test_beta_brokers_metrics.TestBetaRegistration" name="test_beta_register_agreement_not_accepted" time="0.149" /><testcase classname="backend.tests.test_beta_brokers_metrics.TestBetaRegistration" name="test_beta_register_success" time="0.209" /><testcase classname="backend.tests.test_beta_brokers_metrics.TestBetaRegistration" name="test_beta_status_after_registration" time="0.156" /><testcase classname="backend.tests.test_beta_brokers_metrics.TestPrometheusMetrics" name="test_metrics_endpoint_returns_text" time="0.131" /><testcase classname="backend.tests.test_beta_brokers_metrics.TestPrometheusMetrics" name="test_metrics_contains_sentinel_pulse_up" time="0.175" /><testcase classname="backend.tests.test_beta_brokers_metrics.TestPrometheusMetrics" name="test_metrics_contains_account_balance" time="0.139" /><testcase classname="backend.tests.test_beta_brokers_metrics.TestPrometheusMetrics" name="test_metrics_contains_trades_total" time="0.136" /><testcase classname="backend.tests.test_beta_brokers_metrics.TestPrometheusMetrics" name="test_metrics_contains_ticker_buy_power" time="0.177" /><testcase classname="backend.tests.test_beta_brokers_metrics.TestPrometheusMetrics" name="test_metrics_is_prometheus_format" time="0.214" /><testcase classname="backend.tests.test_beta_brokers_metrics.TestPrometheusMetrics" name="test_metrics_contains_all_expected_metrics" time="0.137" /><testcase classname="backend.tests.test_beta_brokers_metrics.TestBrokerEndpoints" name="test_list_brokers_returns_array" time="0.131" /><testcase classname="backend.tests.test_beta_brokers_metrics.TestBrokerEndpoints" name="test_list_brokers_contains_expected_brokers" time="0.174" /><testcase classname="backend.tests.test_beta_brokers_metrics.TestBrokerEndpoints" name="test_broker_has_required_fields" time="0.181" /><testcase classname="backend.tests.test_beta_brokers_metrics.TestBrokerEndpoints" name="test_broker_risk_warning_structure" time="0.134" /><testcase classname="backend.tests.test_beta_brokers_metrics.TestBrokerEndpoints" name="test_get_specific_broker_ibkr" time="0.142" /><testcase classname="backend.tests.test_beta_brokers_metrics.TestBrokerEndpoints" name="test_get_specific_broker_robinhood" time="0.182" /><testcase classname="backend.tests.test_beta_brokers_metrics.TestBrokerEndpoints" name="test_get_specific_broker_schwab" time="0.134" /><testcase classname="backend.tests.test_beta_brokers_metrics.TestBrokerEndpoints" name="test_get_nonexistent_broker_returns_404" time="0.169" /><testcase classname="backend.tests.test_beta_brokers_metrics.TestBrokerEndpoints" name="test_all_brokers_not_supported_yet" time="0.165" /></testsuite></testsuites>