<?xml version="1.0" encoding="utf-8"?><testsuites name="pytest tests"><testsuite name="pytest" errors="0" failures="4" skipped="0" tests="36" time="5.528" timestamp="2026-04-01T23:06:59.005969+00:00" hostname="agent-env-519ffe04-2626-43e5-a430-2c3094864294"><testcase classname="backend.tests.test_markets_feature.TestListMarkets" name="test_markets_returns_200" time="0.284" /><testcase classname="backend.tests.test_markets_feature.TestListMarkets" name="test_markets_has_all_7_codes" time="0.145" /><testcase classname="backend.tests.test_markets_feature.TestListMarkets" name="test_markets_have_required_fields" time="0.109" /><testcase classname="backend.tests.test_markets_feature.TestListMarkets" name="test_us_market_present_with_usd" time="0.144" /><testcase classname="backend.tests.test_markets_feature.TestListMarkets" name="test_status_field_valid_values" time="0.194" /><testcase classname="backend.tests.test_markets_feature.TestGetSingleMarket" name="test_get_hk_market" time="0.118" /><testcase classname="backend.tests.test_markets_feature.TestGetSingleMarket" name="test_hk_has_lunch_break" time="0.122" /><testcase classname="backend.tests.test_markets_feature.TestGetSingleMarket" name="test_hk_status_valid" time="0.112" /><testcase classname="backend.tests.test_markets_feature.TestGetSingleMarket" name="test_get_au_market" time="0.171" /><testcase classname="backend.tests.test_markets_feature.TestGetSingleMarket" name="test_get_uk_market" time="0.104" /><testcase classname="backend.tests.test_markets_feature.TestGetSingleMarket" name="test_get_ca_market" time="0.150" /><testcase classname="backend.tests.test_markets_feature.TestGetSingleMarket" name="test_get_cn_ss_market" time="0.198" /><testcase classname="backend.tests.test_markets_feature.TestGetSingleMarket" name="test_get_cn_sz_market" time="0.149" /><testcase classname="backend.tests.test_markets_feature.TestGetSingleMarket" name="test_invalid_market_returns_404" time="0.102" /><testcase classname="backend.tests.test_markets_feature.TestGetSingleMarket" name="test_market_code_case_insensitive" time="0.112" /><testcase classname="backend.tests.test_markets_feature.TestFxRates" name="test_fx_rates_returns_200" time="0.429" /><testcase classname="backend.tests.test_markets_feature.TestFxRates" name="test_fx_rates_has_rates_key" time="0.102" /><testcase classname="backend.tests.test_markets_feature.TestFxRates" name="test_usd_rate_is_1" time="0.153" /><testcase classname="backend.tests.test_markets_feature.TestFxRates" name="test_fx_rates_have_foreign_currencies" time="0.114" /><testcase classname="backend.tests.test_markets_feature.TestFxRates" name="test_fx_rate_values_are_positive" time="0.107" /><testcase classname="backend.tests.test_markets_feature.TestCurrencyDisplaySettings" name="test_get_currency_display_returns_200" time="0.106" /><testcase classname="backend.tests.test_markets_feature.TestCurrencyDisplaySettings" name="test_get_currency_display_has_mode_field" time="0.104" /><testcase classname="backend.tests.test_markets_feature.TestCurrencyDisplaySettings" name="test_set_currency_display_native" time="0.147" /><testcase classname="backend.tests.test_markets_feature.TestCurrencyDisplaySettings" name="test_verify_native_preference_persisted" time="0.284" /><testcase classname="backend.tests.test_markets_feature.TestCurrencyDisplaySettings" name="test_set_currency_display_usd" time="0.115" /><testcase classname="backend.tests.test_markets_feature.TestCurrencyDisplaySettings" name="test_verify_usd_preference_persisted" time="0.215" /><testcase classname="backend.tests.test_markets_feature.TestCurrencyDisplaySettings" name="test_invalid_currency_mode_returns_400" time="0.151" /><testcase classname="backend.tests.test_markets_feature.TestMarketAutoDetect" name="test_add_bhp_ax_detects_au_market" time="0.223"><failure message="AssertionError: Expected market='AU' for TEST_BHP.AX, got 'US'&#10;assert 'US' == 'AU'&#10;  &#10;  - AU&#10;  + US">backend/tests/test_markets_feature.py:286: in test_add_bhp_ax_detects_au_market
    assert ticker.get("market") == "AU", \
E   AssertionError: Expected market='AU' for TEST_BHP.AX, got 'US'
E   assert 'US' == 'AU'
E     
E     - AU
E     + US</failure></testcase><testcase classname="backend.tests.test_markets_feature.TestMarketAutoDetect" name="test_add_hk_ticker_detects_hk_market" time="0.236"><failure message="AssertionError: Expected market='HK' for TEST_0700.HK, got 'US'&#10;assert 'US' == 'HK'&#10;  &#10;  - HK&#10;  + US">backend/tests/test_markets_feature.py:306: in test_add_hk_ticker_detects_hk_market
    assert ticker.get("market") == "HK", \
E   AssertionError: Expected market='HK' for TEST_0700.HK, got 'US'
E   assert 'US' == 'HK'
E     
E     - HK
E     + US</failure></testcase><testcase classname="backend.tests.test_markets_feature.TestMarketAutoDetect" name="test_add_lse_ticker_detects_uk_market" time="0.254"><failure message="AssertionError: Expected market='UK' for TEST_BARC.L, got 'US'&#10;assert 'US' == 'UK'&#10;  &#10;  - UK&#10;  + US">backend/tests/test_markets_feature.py:325: in test_add_lse_ticker_detects_uk_market
    assert ticker.get("market") == "UK", \
E   AssertionError: Expected market='UK' for TEST_BARC.L, got 'US'
E   assert 'US' == 'UK'
E     
E     - UK
E     + US</failure></testcase><testcase classname="backend.tests.test_markets_feature.TestMarketAutoDetect" name="test_add_us_ticker_defaults_to_us" time="0.431" /><testcase classname="backend.tests.test_markets_feature.TestTradingEngineMarketMethods" name="test_is_ticker_market_open_method_exists" time="0.000" /><testcase classname="backend.tests.test_markets_feature.TestTradingEngineMarketMethods" name="test_evaluate_ticker_uses_per_ticker_market_check" time="0.000" /><testcase classname="backend.tests.test_markets_feature.TestTradingEngineMarketMethods" name="test_duplicate_method_definitions_bug" time="0.001"><failure message="AssertionError: CRITICAL BUG: _is_opening_window defined 2 times at lines [122, 272]. The legacy definition at line 272 OVERRIDES the market-aware version at line 122. Calls like _is_opening_window(30, ticker_doc) will raise TypeError.&#10;assert 2 == 1&#10; +  where 2 = len([122, 272])">backend/tests/test_markets_feature.py:387: in test_duplicate_method_definitions_bug
    assert len(ow_defs) == 1, \
E   AssertionError: CRITICAL BUG: _is_opening_window defined 2 times at lines [122, 272]. The legacy definition at line 272 OVERRIDES the market-aware version at line 122. Calls like _is_opening_window(30, ticker_doc) will raise TypeError.
E   assert 2 == 1
E    +  where 2 = len([122, 272])</failure></testcase><testcase classname="backend.tests.test_markets_feature.TestTradingEngineMarketMethods" name="test_detect_market_from_symbol_logic" time="0.001" /><testcase classname="backend.tests.test_markets_feature.TestTradingEngineMarketMethods" name="test_market_config_is_open_now_methods" time="0.000" /></testsuite></testsuites>