<?xml version="1.0" encoding="utf-8"?><testsuites name="pytest tests"><testsuite name="pytest" errors="0" failures="0" skipped="1" tests="11" time="8.011" timestamp="2026-03-18T22:52:37.205861+00:00" hostname="agent-env-1f29b7ca-19e1-4aab-88e5-b5963482ec34"><testcase classname="tests.test_manual_sell_feature.TestManualSellFeature" name="test_01_get_positions" time="0.189" /><testcase classname="tests.test_manual_sell_feature.TestManualSellFeature" name="test_02_get_pending_sells" time="0.112" /><testcase classname="tests.test_manual_sell_feature.TestManualSellFeature" name="test_03_sell_nonexistent_position_returns_400" time="0.113" /><testcase classname="tests.test_manual_sell_feature.TestManualSellFeature" name="test_04_limit_sell_requires_price" time="0.305" /><testcase classname="tests.test_manual_sell_feature.TestManualSellFeature" name="test_05_invalid_order_type_returns_400" time="0.270" /><testcase classname="tests.test_manual_sell_feature.TestManualSellFeature" name="test_06_limit_sell_creates_pending" time="0.362" /><testcase classname="tests.test_manual_sell_feature.TestManualSellFeature" name="test_07_cancel_pending_sell" time="0.357" /><testcase classname="tests.test_manual_sell_feature.TestManualSellFeature" name="test_08_cancel_nonexistent_pending_sell" time="0.195" /><testcase classname="tests.test_manual_sell_feature.TestManualSellFeature" name="test_09_market_sell_executes_immediately" time="2.529" /><testcase classname="tests.test_manual_sell_feature.TestMarketSellResponseStructure" name="test_market_sell_response_fields" time="0.372" /><testcase classname="tests.test_manual_sell_feature.TestLimitSellResponseStructure" name="test_limit_sell_response_fields" time="3.144"><skipped type="pytest.skip" message="No positions for response validation">/app/backend/tests/test_manual_sell_feature.py:275: No positions for response validation</skipped></testcase></testsuite></testsuites>