<?xml version="1.0" encoding="utf-8"?><testsuites name="pytest tests"><testsuite name="pytest" errors="0" failures="0" skipped="0" tests="11" time="2.768" timestamp="2026-03-18T22:06:59.603243+00:00" hostname="agent-env-1f29b7ca-19e1-4aab-88e5-b5963482ec34"><testcase classname="backend.tests.test_trading_mode_features.TestHealthEndpoint" name="test_health_endpoint_returns_trading_mode" time="0.115" /><testcase classname="backend.tests.test_trading_mode_features.TestSettingsEndpoint" name="test_get_settings_returns_simulate_24_7" time="0.116" /><testcase classname="backend.tests.test_trading_mode_features.TestSettingsEndpoint" name="test_post_settings_toggle_simulate_24_7_on" time="0.358" /><testcase classname="backend.tests.test_trading_mode_features.TestSettingsEndpoint" name="test_post_settings_toggle_simulate_24_7_off" time="0.375" /><testcase classname="backend.tests.test_trading_mode_features.TestSettingsEndpoint" name="test_toggle_and_restore_simulate_24_7" time="0.101" /><testcase classname="backend.tests.test_trading_mode_features.TestBrokerEndpoints" name="test_get_brokers_status" time="0.103" /><testcase classname="backend.tests.test_trading_mode_features.TestBrokerEndpoints" name="test_post_brokers_reconnect" time="0.107" /><testcase classname="backend.tests.test_trading_mode_features.TestBrokerEndpoints" name="test_post_broker_connect_alpaca" time="0.110" /><testcase classname="backend.tests.test_trading_mode_features.TestTradesEndpoint" name="test_get_trades_returns_trading_mode_field" time="0.108" /><testcase classname="backend.tests.test_trading_mode_features.TestWebSocketInitialState" name="test_websocket_connection_basic" time="0.171" /><testcase classname="backend.tests.test_trading_mode_features.TestCombinedFlow" name="test_full_mode_toggle_flow" time="1.055" /></testsuite></testsuites>